[ 2022-12-27 21:58:08,298 ] - INFO : WDM :  ====== WebDriver manager ======
[ 2022-12-27 21:58:12,814 ] - INFO : WDM :  Get LATEST geckodriver version for 107.0 firefox
[ 2022-12-27 21:58:17,757 ] - INFO : WDM :  Driver [C:\Users\geeta_panchal\.wdm\drivers\geckodriver\win64\0.32\geckodriver.exe] found in cache
[ 2022-12-27 21:58:27,058 ] - INFO : root :  Browser - ff
[ 2022-12-27 21:58:27,058 ] - INFO : root :  URL - https://hj-ibmibm13182:31443/dashboards/
[ 2022-12-27 21:58:27,059 ] - INFO : root :  Username - npiadmin
[ 2022-12-27 21:58:30,439 ] - INFO : WDM :  ====== WebDriver manager ======
[ 2022-12-27 21:58:35,101 ] - INFO : WDM :  Get LATEST geckodriver version for 107.0 firefox
[ 2022-12-27 21:58:40,280 ] - INFO : WDM :  Driver [C:\Users\geeta_panchal\.wdm\drivers\geckodriver\win64\0.32\geckodriver.exe] found in cache
[ 2022-12-27 21:58:50,458 ] - INFO : root :  Browser - ff
[ 2022-12-27 21:58:50,460 ] - INFO : root :  URL - https://hj-ibmibm13182:31443/dashboards/
[ 2022-12-27 21:58:50,461 ] - INFO : root :  Username - npiadmin
[ 2022-12-27 21:58:50,586 ] - INFO : root :  user npiadmin entered
[ 2022-12-27 21:58:50,605 ] - INFO : root :  password entered
[ 2022-12-27 21:59:02,429 ] - INFO : root :  submit button clicked successfully
[ 2022-12-27 21:59:04,688 ] - INFO : root :  Username - npiadmin logged in successfully
[ 2022-12-27 21:59:04,745 ] - INFO : root :  Menu.json read successfully
[ 2022-12-27 21:59:04,747 ] - INFO : root :  Menu hierarchy for the dashboard : Administration:General:Sites:Sites
[ 2022-12-27 21:59:05,114 ] - INFO : root :  Main menu Administration clicked successfully
[ 2022-12-27 21:59:06,465 ] - INFO : root :  Sub menu General clicked successfully
[ 2022-12-27 21:59:11,881 ] - INFO : root :  Sub menu Sites clicked successfully
[ 2022-12-27 21:59:11,881 ] - INFO : root :  Open Dashboard pass
[ 2022-12-27 21:59:13,026 ] - INFO : root :  Dashboard title : Sites
